[ERROR] (tests/ex29_tests.c:11: errno: None) USAGE: ex29 libex29.so function data
[ERROR] (tests/ex29_tests.c:11: errno: None) USAGE: ex29 libex29.so function data
[ERROR] (tests/ex29_tests.c:11: errno: None) USAGE: ex29 libex29.so function data
[ERROR] (tests/ex29_tests.c:11: errno: None) USAGE: ex29 libex29.so function data
[ERROR] (tests/ex29_tests.c:18: errno: No such file or directory) Failed to open the library ../build/libex29.so: ../build/libex29.so: cannot open shared object file: No such file or directory
