[ERROR] (tests/ex29_tests.c:11: errno: None) USAGE: ex29 libex29.so function data
[ERROR] (tests/ex29_tests.c:11: errno: None) USAGE: ex29 libex29.so function data
[ERROR] (tests/ex29_tests.c:11: errno: None) USAGE: ex29 libex29.so function data
[ERROR] (tests/ex29_tests.c:11: errno: None) USAGE: ex29 libex29.so function data
[ERROR] (tests/ex29_tests.c:18: errno: No such file or directory) Failed to open the library ../build/libex29.so: ../build/libex29.so: cannot open shared object file: No such file or directory
DEBUG tests/libex29_tests.c:46: ----- RUNNING: ./tests/libex29_tests
DEBUG tests/libex29_tests.c:38: 
----- test_dlopen
DEBUG tests/libex29_tests.c:39: 
----- test_functions
DEBUG tests/libex29_tests.c:40: 
----- test_failures
DEBUG tests/libex29_tests.c:41: 
----- test_dlclose
DEBUG tests/libex29_tests.c:72: ----- RUNNING: ./tests/libex29_tests
DEBUG tests/libex29_tests.c:64: 
----- test_dlopen
[ERROR] (tests/libex29_tests.c:32: errno: None) Failed to open the library to test.
[ERROR] (tests/ex29_tests.c:11: errno: None) USAGE: ex29 libex29.so function data
[ERROR] (tests/ex29_tests.c:11: errno: None) USAGE: ex29 libex29.so function data
